\BOOKMARK [0][-]{chapter.1}{\376\377\0001\000\040\000N\000a\000m\000e\000s\000p\000a\000c\000e\000\040\000I\000n\000d\000e\000x}{}% 1
\BOOKMARK [1][-]{section.1.1}{\376\377\0001\000.\0001\000\040\000N\000a\000m\000e\000s\000p\000a\000c\000e\000\040\000L\000i\000s\000t}{chapter.1}% 2
\BOOKMARK [0][-]{chapter.2}{\376\377\0002\000\040\000C\000l\000a\000s\000s\000\040\000I\000n\000d\000e\000x}{}% 3
\BOOKMARK [1][-]{section.2.1}{\376\377\0002\000.\0001\000\040\000C\000l\000a\000s\000s\000\040\000L\000i\000s\000t}{chapter.2}% 4
\BOOKMARK [0][-]{chapter.3}{\376\377\0003\000\040\000F\000i\000l\000e\000\040\000I\000n\000d\000e\000x}{}% 5
\BOOKMARK [1][-]{section.3.1}{\376\377\0003\000.\0001\000\040\000F\000i\000l\000e\000\040\000L\000i\000s\000t}{chapter.3}% 6
\BOOKMARK [0][-]{chapter.4}{\376\377\0004\000\040\000N\000a\000m\000e\000s\000p\000a\000c\000e\000\040\000D\000o\000c\000u\000m\000e\000n\000t\000a\000t\000i\000o\000n}{}% 7
\BOOKMARK [1][-]{section.4.1}{\376\377\0004\000.\0001\000\040\000c\000o\000l\000o\000r\000w\000i\000n\000\040\000N\000a\000m\000e\000s\000p\000a\000c\000e\000\040\000R\000e\000f\000e\000r\000e\000n\000c\000e}{chapter.4}% 8
\BOOKMARK [2][-]{subsection.4.1.1}{\376\377\0004\000.\0001\000.\0001\000\040\000E\000n\000u\000m\000e\000r\000a\000t\000i\000o\000n\000\040\000T\000y\000p\000e\000\040\000D\000o\000c\000u\000m\000e\000n\000t\000a\000t\000i\000o\000n}{section.4.1}% 9
\BOOKMARK [3][-]{subsubsection.4.1.1.1}{\376\377\0004\000.\0001\000.\0001\000.\0001\000\040\000C\000W\000\137\000C\000O\000L\000O\000R\000S}{subsection.4.1.1}% 10
\BOOKMARK [2][-]{subsection.4.1.2}{\376\377\0004\000.\0001\000.\0002\000\040\000F\000u\000n\000c\000t\000i\000o\000n\000\040\000D\000o\000c\000u\000m\000e\000n\000t\000a\000t\000i\000o\000n}{section.4.1}% 11
\BOOKMARK [3][-]{subsubsection.4.1.2.1}{\376\377\0004\000.\0001\000.\0002\000.\0001\000\040\000o\000p\000e\000r\000a\000t\000o\000r\000<\000<\000\050\000\051}{subsection.4.1.2}% 12
\BOOKMARK [0][-]{chapter.5}{\376\377\0005\000\040\000C\000l\000a\000s\000s\000\040\000D\000o\000c\000u\000m\000e\000n\000t\000a\000t\000i\000o\000n}{}% 13
\BOOKMARK [1][-]{section.5.1}{\376\377\0005\000.\0001\000\040\000C\000i\000r\000c\000u\000i\000t\000\040\000C\000l\000a\000s\000s\000\040\000R\000e\000f\000e\000r\000e\000n\000c\000e}{chapter.5}% 14
\BOOKMARK [2][-]{subsection.5.1.1}{\376\377\0005\000.\0001\000.\0001\000\040\000C\000o\000n\000s\000t\000r\000u\000c\000t\000o\000r\000\040\000\046\000\040\000D\000e\000s\000t\000r\000u\000c\000t\000o\000r\000\040\000D\000o\000c\000u\000m\000e\000n\000t\000a\000t\000i\000o\000n}{section.5.1}% 15
\BOOKMARK [3][-]{subsubsection.5.1.1.1}{\376\377\0005\000.\0001\000.\0001\000.\0001\000\040\000\040\000C\000i\000r\000c\000u\000i\000t\000\050\000\051}{subsection.5.1.1}% 16
\BOOKMARK [3][-]{subsubsection.5.1.1.2}{\376\377\0005\000.\0001\000.\0001\000.\0002\000\040\000C\000i\000r\000c\000u\000i\000t\000\050\000\051\000\040\000[\0001\000/\0003\000]}{subsection.5.1.1}% 17
\BOOKMARK [3][-]{subsubsection.5.1.1.3}{\376\377\0005\000.\0001\000.\0001\000.\0003\000\040\000C\000i\000r\000c\000u\000i\000t\000\050\000\051\000\040\000[\0002\000/\0003\000]}{subsection.5.1.1}% 18
\BOOKMARK [3][-]{subsubsection.5.1.1.4}{\376\377\0005\000.\0001\000.\0001\000.\0004\000\040\000C\000i\000r\000c\000u\000i\000t\000\050\000\051\000\040\000[\0003\000/\0003\000]}{subsection.5.1.1}% 19
\BOOKMARK [2][-]{subsection.5.1.2}{\376\377\0005\000.\0001\000.\0002\000\040\000M\000e\000m\000b\000e\000r\000\040\000F\000u\000n\000c\000t\000i\000o\000n\000\040\000D\000o\000c\000u\000m\000e\000n\000t\000a\000t\000i\000o\000n}{section.5.1}% 20
\BOOKMARK [3][-]{subsubsection.5.1.2.1}{\376\377\0005\000.\0001\000.\0002\000.\0001\000\040\000A\000d\000d\000\050\000\051}{subsection.5.1.2}% 21
\BOOKMARK [3][-]{subsubsection.5.1.2.2}{\376\377\0005\000.\0001\000.\0002\000.\0002\000\040\000C\000o\000p\000y\000\050\000\051}{subsection.5.1.2}% 22
\BOOKMARK [3][-]{subsubsection.5.1.2.3}{\376\377\0005\000.\0001\000.\0002\000.\0003\000\040\000G\000e\000t\000E\000l\000e\000m\000e\000n\000t\000\050\000\051}{subsection.5.1.2}% 23
\BOOKMARK [3][-]{subsubsection.5.1.2.4}{\376\377\0005\000.\0001\000.\0002\000.\0004\000\040\000G\000e\000t\000F\000i\000r\000s\000t\000N\000o\000d\000e\000\050\000\051}{subsection.5.1.2}% 24
\BOOKMARK [3][-]{subsubsection.5.1.2.5}{\376\377\0005\000.\0001\000.\0002\000.\0005\000\040\000G\000e\000t\000L\000a\000s\000t\000N\000o\000d\000e\000\050\000\051}{subsection.5.1.2}% 25
\BOOKMARK [3][-]{subsubsection.5.1.2.6}{\376\377\0005\000.\0001\000.\0002\000.\0006\000\040\000G\000e\000t\000N\000o\000d\000e\000\050\000\051}{subsection.5.1.2}% 26
\BOOKMARK [3][-]{subsubsection.5.1.2.7}{\376\377\0005\000.\0001\000.\0002\000.\0007\000\040\000G\000e\000t\000N\000u\000m\000O\000f\000N\000o\000d\000e\000s\000\050\000\051}{subsection.5.1.2}% 27
\BOOKMARK [3][-]{subsubsection.5.1.2.8}{\376\377\0005\000.\0001\000.\0002\000.\0008\000\040\000G\000e\000t\000T\000e\000r\000m\000i\000n\000a\000l\000s\000\050\000\051\000\040\000[\0001\000/\0002\000]}{subsection.5.1.2}% 28
\BOOKMARK [3][-]{subsubsection.5.1.2.9}{\376\377\0005\000.\0001\000.\0002\000.\0009\000\040\000G\000e\000t\000T\000e\000r\000m\000i\000n\000a\000l\000s\000\050\000\051\000\040\000[\0002\000/\0002\000]}{subsection.5.1.2}% 29
\BOOKMARK [3][-]{subsubsection.5.1.2.10}{\376\377\0005\000.\0001\000.\0002\000.\0001\0000\000\040\000H\000a\000s\000E\000l\000e\000m\000e\000n\000t\000\050\000\051}{subsection.5.1.2}% 30
\BOOKMARK [3][-]{subsubsection.5.1.2.11}{\376\377\0005\000.\0001\000.\0002\000.\0001\0001\000\040\000H\000a\000s\000N\000o\000d\000e\000\050\000\051}{subsection.5.1.2}% 31
\BOOKMARK [3][-]{subsubsection.5.1.2.12}{\376\377\0005\000.\0001\000.\0002\000.\0001\0002\000\040\000I\000s\000E\000m\000p\000t\000y\000\050\000\051}{subsection.5.1.2}% 32
\BOOKMARK [3][-]{subsubsection.5.1.2.13}{\376\377\0005\000.\0001\000.\0002\000.\0001\0003\000\040\000o\000p\000e\000r\000a\000t\000o\000r\000=\000\050\000\051}{subsection.5.1.2}% 33
\BOOKMARK [3][-]{subsubsection.5.1.2.14}{\376\377\0005\000.\0001\000.\0002\000.\0001\0004\000\040\000P\000r\000i\000n\000t\000\050\000\051}{subsection.5.1.2}% 34
\BOOKMARK [3][-]{subsubsection.5.1.2.15}{\376\377\0005\000.\0001\000.\0002\000.\0001\0005\000\040\000R\000e\000a\000d\000\050\000\051}{subsection.5.1.2}% 35
\BOOKMARK [3][-]{subsubsection.5.1.2.16}{\376\377\0005\000.\0001\000.\0002\000.\0001\0006\000\040\000R\000e\000m\000o\000v\000e\000\050\000\051\000\040\000[\0001\000/\0002\000]}{subsection.5.1.2}% 36
\BOOKMARK [3][-]{subsubsection.5.1.2.17}{\376\377\0005\000.\0001\000.\0002\000.\0001\0007\000\040\000R\000e\000m\000o\000v\000e\000\050\000\051\000\040\000[\0002\000/\0002\000]}{subsection.5.1.2}% 37
\BOOKMARK [1][-]{section.5.2}{\376\377\0005\000.\0002\000\040\000c\000o\000l\000o\000r\000w\000i\000n\000:\000:\000c\000o\000l\000o\000r\000\040\000C\000l\000a\000s\000s\000\040\000R\000e\000f\000e\000r\000e\000n\000c\000e}{chapter.5}% 38
\BOOKMARK [2][-]{subsection.5.2.1}{\376\377\0005\000.\0002\000.\0001\000\040\000C\000o\000n\000s\000t\000r\000u\000c\000t\000o\000r\000\040\000\046\000\040\000D\000e\000s\000t\000r\000u\000c\000t\000o\000r\000\040\000D\000o\000c\000u\000m\000e\000n\000t\000a\000t\000i\000o\000n}{section.5.2}% 39
\BOOKMARK [3][-]{subsubsection.5.2.1.1}{\376\377\0005\000.\0002\000.\0001\000.\0001\000\040\000c\000o\000l\000o\000r\000\050\000\051}{subsection.5.2.1}% 40
\BOOKMARK [3][-]{subsubsection.5.2.1.2}{\376\377\0005\000.\0002\000.\0001\000.\0002\000\040\000\040\000c\000o\000l\000o\000r\000\050\000\051}{subsection.5.2.1}% 41
\BOOKMARK [2][-]{subsection.5.2.2}{\376\377\0005\000.\0002\000.\0002\000\040\000F\000r\000i\000e\000n\000d\000s\000\040\000A\000n\000d\000\040\000R\000e\000l\000a\000t\000e\000d\000\040\000F\000u\000n\000c\000t\000i\000o\000n\000\040\000D\000o\000c\000u\000m\000e\000n\000t\000a\000t\000i\000o\000n}{section.5.2}% 42
\BOOKMARK [3][-]{subsubsection.5.2.2.1}{\376\377\0005\000.\0002\000.\0002\000.\0001\000\040\000o\000p\000e\000r\000a\000t\000o\000r\000<\000<}{subsection.5.2.2}% 43
\BOOKMARK [3][-]{subsubsection.5.2.2.2}{\376\377\0005\000.\0002\000.\0002\000.\0002\000\040\000w\000i\000t\000h\000c\000o\000l\000o\000r}{subsection.5.2.2}% 44
\BOOKMARK [1][-]{section.5.3}{\376\377\0005\000.\0003\000\040\000E\000l\000e\000m\000e\000n\000t\000\040\000C\000l\000a\000s\000s\000\040\000R\000e\000f\000e\000r\000e\000n\000c\000e}{chapter.5}% 45
\BOOKMARK [2][-]{subsection.5.3.1}{\376\377\0005\000.\0003\000.\0001\000\040\000C\000o\000n\000s\000t\000r\000u\000c\000t\000o\000r\000\040\000\046\000\040\000D\000e\000s\000t\000r\000u\000c\000t\000o\000r\000\040\000D\000o\000c\000u\000m\000e\000n\000t\000a\000t\000i\000o\000n}{section.5.3}% 46
\BOOKMARK [3][-]{subsubsection.5.3.1.1}{\376\377\0005\000.\0003\000.\0001\000.\0001\000\040\000E\000l\000e\000m\000e\000n\000t\000\050\000\051\000\040\000[\0001\000/\0002\000]}{subsection.5.3.1}% 47
\BOOKMARK [3][-]{subsubsection.5.3.1.2}{\376\377\0005\000.\0003\000.\0001\000.\0002\000\040\000E\000l\000e\000m\000e\000n\000t\000\050\000\051\000\040\000[\0002\000/\0002\000]}{subsection.5.3.1}% 48
\BOOKMARK [2][-]{subsection.5.3.2}{\376\377\0005\000.\0003\000.\0002\000\040\000M\000e\000m\000b\000e\000r\000\040\000F\000u\000n\000c\000t\000i\000o\000n\000\040\000D\000o\000c\000u\000m\000e\000n\000t\000a\000t\000i\000o\000n}{section.5.3}% 49
\BOOKMARK [3][-]{subsubsection.5.3.2.1}{\376\377\0005\000.\0003\000.\0002\000.\0001\000\040\000C\000h\000a\000n\000g\000e\000I\000d\000\050\000\051}{subsection.5.3.2}% 50
\BOOKMARK [3][-]{subsubsection.5.3.2.2}{\376\377\0005\000.\0003\000.\0002\000.\0002\000\040\000C\000h\000a\000n\000g\000e\000T\000y\000p\000e\000\050\000\051}{subsection.5.3.2}% 51
\BOOKMARK [3][-]{subsubsection.5.3.2.3}{\376\377\0005\000.\0003\000.\0002\000.\0003\000\040\000C\000h\000a\000n\000g\000e\000V\000a\000l\000u\000e\000\050\000\051}{subsection.5.3.2}% 52
\BOOKMARK [3][-]{subsubsection.5.3.2.4}{\376\377\0005\000.\0003\000.\0002\000.\0004\000\040\000C\000o\000p\000y\000\050\000\051}{subsection.5.3.2}% 53
\BOOKMARK [3][-]{subsubsection.5.3.2.5}{\376\377\0005\000.\0003\000.\0002\000.\0005\000\040\000G\000e\000t\000I\000d\000\050\000\051}{subsection.5.3.2}% 54
\BOOKMARK [3][-]{subsubsection.5.3.2.6}{\376\377\0005\000.\0003\000.\0002\000.\0006\000\040\000G\000e\000t\000N\000e\000x\000t\000\050\000\051}{subsection.5.3.2}% 55
\BOOKMARK [3][-]{subsubsection.5.3.2.7}{\376\377\0005\000.\0003\000.\0002\000.\0007\000\040\000G\000e\000t\000N\000o\000d\000e\000I\000d\000\050\000\051}{subsection.5.3.2}% 56
\BOOKMARK [3][-]{subsubsection.5.3.2.8}{\376\377\0005\000.\0003\000.\0002\000.\0008\000\040\000G\000e\000t\000P\000r\000e\000v\000\050\000\051}{subsection.5.3.2}% 57
\BOOKMARK [3][-]{subsubsection.5.3.2.9}{\376\377\0005\000.\0003\000.\0002\000.\0009\000\040\000G\000e\000t\000T\000y\000p\000e\000\050\000\051}{subsection.5.3.2}% 58
\BOOKMARK [3][-]{subsubsection.5.3.2.10}{\376\377\0005\000.\0003\000.\0002\000.\0001\0000\000\040\000G\000e\000t\000V\000a\000l\000u\000e\000\050\000\051}{subsection.5.3.2}% 59
\BOOKMARK [3][-]{subsubsection.5.3.2.11}{\376\377\0005\000.\0003\000.\0002\000.\0001\0001\000\040\000o\000p\000e\000r\000a\000t\000o\000r\000=\000=\000\050\000\051}{subsection.5.3.2}% 60
\BOOKMARK [2][-]{subsection.5.3.3}{\376\377\0005\000.\0003\000.\0003\000\040\000F\000r\000i\000e\000n\000d\000s\000\040\000A\000n\000d\000\040\000R\000e\000l\000a\000t\000e\000d\000\040\000F\000u\000n\000c\000t\000i\000o\000n\000\040\000D\000o\000c\000u\000m\000e\000n\000t\000a\000t\000i\000o\000n}{section.5.3}% 61
\BOOKMARK [3][-]{subsubsection.5.3.3.1}{\376\377\0005\000.\0003\000.\0003\000.\0001\000\040\000C\000i\000r\000c\000u\000i\000t}{subsection.5.3.3}% 62
\BOOKMARK [3][-]{subsubsection.5.3.3.2}{\376\377\0005\000.\0003\000.\0003\000.\0002\000\040\000N\000o\000d\000e}{subsection.5.3.3}% 63
\BOOKMARK [1][-]{section.5.4}{\376\377\0005\000.\0004\000\040\000N\000o\000d\000e\000\040\000C\000l\000a\000s\000s\000\040\000R\000e\000f\000e\000r\000e\000n\000c\000e}{chapter.5}% 64
\BOOKMARK [2][-]{subsection.5.4.1}{\376\377\0005\000.\0004\000.\0001\000\040\000C\000o\000n\000s\000t\000r\000u\000c\000t\000o\000r\000\040\000\046\000\040\000D\000e\000s\000t\000r\000u\000c\000t\000o\000r\000\040\000D\000o\000c\000u\000m\000e\000n\000t\000a\000t\000i\000o\000n}{section.5.4}% 65
\BOOKMARK [3][-]{subsubsection.5.4.1.1}{\376\377\0005\000.\0004\000.\0001\000.\0001\000\040\000N\000o\000d\000e\000\050\000\051}{subsection.5.4.1}% 66
\BOOKMARK [3][-]{subsubsection.5.4.1.2}{\376\377\0005\000.\0004\000.\0001\000.\0002\000\040\000\040\000N\000o\000d\000e\000\050\000\051}{subsection.5.4.1}% 67
\BOOKMARK [2][-]{subsection.5.4.2}{\376\377\0005\000.\0004\000.\0002\000\040\000M\000e\000m\000b\000e\000r\000\040\000F\000u\000n\000c\000t\000i\000o\000n\000\040\000D\000o\000c\000u\000m\000e\000n\000t\000a\000t\000i\000o\000n}{section.5.4}% 68
\BOOKMARK [3][-]{subsubsection.5.4.2.1}{\376\377\0005\000.\0004\000.\0002\000.\0001\000\040\000A\000d\000d\000\050\000\051}{subsection.5.4.2}% 69
\BOOKMARK [3][-]{subsubsection.5.4.2.2}{\376\377\0005\000.\0004\000.\0002\000.\0002\000\040\000C\000h\000a\000n\000g\000e\000V\000o\000l\000t\000\050\000\051}{subsection.5.4.2}% 70
\BOOKMARK [3][-]{subsubsection.5.4.2.3}{\376\377\0005\000.\0004\000.\0002\000.\0003\000\040\000C\000o\000p\000y\000\050\000\051}{subsection.5.4.2}% 71
\BOOKMARK [3][-]{subsubsection.5.4.2.4}{\376\377\0005\000.\0004\000.\0002\000.\0004\000\040\000G\000e\000t\000E\000l\000e\000m\000e\000n\000t\000\050\000\051}{subsection.5.4.2}% 72
\BOOKMARK [3][-]{subsubsection.5.4.2.5}{\376\377\0005\000.\0004\000.\0002\000.\0005\000\040\000G\000e\000t\000F\000i\000r\000s\000t\000E\000l\000e\000m\000e\000n\000t\000\050\000\051}{subsection.5.4.2}% 73
\BOOKMARK [3][-]{subsubsection.5.4.2.6}{\376\377\0005\000.\0004\000.\0002\000.\0006\000\040\000G\000e\000t\000I\000d\000\050\000\051}{subsection.5.4.2}% 74
\BOOKMARK [3][-]{subsubsection.5.4.2.7}{\376\377\0005\000.\0004\000.\0002\000.\0007\000\040\000G\000e\000t\000N\000e\000x\000t\000\050\000\051}{subsection.5.4.2}% 75
\BOOKMARK [3][-]{subsubsection.5.4.2.8}{\376\377\0005\000.\0004\000.\0002\000.\0008\000\040\000G\000e\000t\000N\000u\000m\000O\000f\000E\000l\000e\000m\000e\000n\000t\000s\000\050\000\051}{subsection.5.4.2}% 76
\BOOKMARK [3][-]{subsubsection.5.4.2.9}{\376\377\0005\000.\0004\000.\0002\000.\0009\000\040\000G\000e\000t\000P\000r\000e\000v\000\050\000\051}{subsection.5.4.2}% 77
\BOOKMARK [3][-]{subsubsection.5.4.2.10}{\376\377\0005\000.\0004\000.\0002\000.\0001\0000\000\040\000G\000e\000t\000V\000o\000l\000t\000\050\000\051}{subsection.5.4.2}% 78
\BOOKMARK [3][-]{subsubsection.5.4.2.11}{\376\377\0005\000.\0004\000.\0002\000.\0001\0001\000\040\000H\000a\000s\000E\000l\000e\000m\000e\000n\000t\000\050\000\051}{subsection.5.4.2}% 79
\BOOKMARK [3][-]{subsubsection.5.4.2.12}{\376\377\0005\000.\0004\000.\0002\000.\0001\0002\000\040\000I\000s\000E\000m\000p\000t\000y\000\050\000\051}{subsection.5.4.2}% 80
\BOOKMARK [3][-]{subsubsection.5.4.2.13}{\376\377\0005\000.\0004\000.\0002\000.\0001\0003\000\040\000I\000s\000E\000s\000s\000e\000n\000t\000i\000a\000l\000\050\000\051}{subsection.5.4.2}% 81
\BOOKMARK [3][-]{subsubsection.5.4.2.14}{\376\377\0005\000.\0004\000.\0002\000.\0001\0004\000\040\000R\000e\000m\000o\000v\000e\000\050\000\051\000\040\000[\0001\000/\0002\000]}{subsection.5.4.2}% 82
\BOOKMARK [3][-]{subsubsection.5.4.2.15}{\376\377\0005\000.\0004\000.\0002\000.\0001\0005\000\040\000R\000e\000m\000o\000v\000e\000\050\000\051\000\040\000[\0002\000/\0002\000]}{subsection.5.4.2}% 83
\BOOKMARK [2][-]{subsection.5.4.3}{\376\377\0005\000.\0004\000.\0003\000\040\000F\000r\000i\000e\000n\000d\000s\000\040\000A\000n\000d\000\040\000R\000e\000l\000a\000t\000e\000d\000\040\000F\000u\000n\000c\000t\000i\000o\000n\000\040\000D\000o\000c\000u\000m\000e\000n\000t\000a\000t\000i\000o\000n}{section.5.4}% 84
\BOOKMARK [3][-]{subsubsection.5.4.3.1}{\376\377\0005\000.\0004\000.\0003\000.\0001\000\040\000C\000i\000r\000c\000u\000i\000t}{subsection.5.4.3}% 85
\BOOKMARK [1][-]{section.5.5}{\376\377\0005\000.\0005\000\040\000c\000o\000l\000o\000r\000w\000i\000n\000:\000:\000w\000i\000t\000h\000c\000o\000l\000o\000r\000\040\000C\000l\000a\000s\000s\000\040\000R\000e\000f\000e\000r\000e\000n\000c\000e}{chapter.5}% 86
\BOOKMARK [2][-]{subsection.5.5.1}{\376\377\0005\000.\0005\000.\0001\000\040\000C\000o\000n\000s\000t\000r\000u\000c\000t\000o\000r\000\040\000\046\000\040\000D\000e\000s\000t\000r\000u\000c\000t\000o\000r\000\040\000D\000o\000c\000u\000m\000e\000n\000t\000a\000t\000i\000o\000n}{section.5.5}% 87
\BOOKMARK [3][-]{subsubsection.5.5.1.1}{\376\377\0005\000.\0005\000.\0001\000.\0001\000\040\000w\000i\000t\000h\000c\000o\000l\000o\000r\000\050\000\051}{subsection.5.5.1}% 88
\BOOKMARK [2][-]{subsection.5.5.2}{\376\377\0005\000.\0005\000.\0002\000\040\000M\000e\000m\000b\000e\000r\000\040\000F\000u\000n\000c\000t\000i\000o\000n\000\040\000D\000o\000c\000u\000m\000e\000n\000t\000a\000t\000i\000o\000n}{section.5.5}% 89
\BOOKMARK [3][-]{subsubsection.5.5.2.1}{\376\377\0005\000.\0005\000.\0002\000.\0001\000\040\000p\000r\000i\000n\000t\000f\000\050\000\051}{subsection.5.5.2}% 90
\BOOKMARK [0][-]{chapter.6}{\376\377\0006\000\040\000F\000i\000l\000e\000\040\000D\000o\000c\000u\000m\000e\000n\000t\000a\000t\000i\000o\000n}{}% 91
\BOOKMARK [1][-]{section.6.1}{\376\377\0006\000.\0001\000\040\000H\000e\000a\000d\000e\000r\000s\000/\000\137\000\137\000\137\000.\000h\000\040\000F\000i\000l\000e\000\040\000R\000e\000f\000e\000r\000e\000n\000c\000e}{chapter.6}% 92
\BOOKMARK [2][-]{subsection.6.1.1}{\376\377\0006\000.\0001\000.\0001\000\040\000M\000a\000c\000r\000o\000\040\000D\000e\000f\000i\000n\000i\000t\000i\000o\000n\000\040\000D\000o\000c\000u\000m\000e\000n\000t\000a\000t\000i\000o\000n}{section.6.1}% 93
\BOOKMARK [3][-]{subsubsection.6.1.1.1}{\376\377\0006\000.\0001\000.\0001\000.\0001\000\040\000C\000R\000E\000D\000I\000T\000S}{subsection.6.1.1}% 94
\BOOKMARK [3][-]{subsubsection.6.1.1.2}{\376\377\0006\000.\0001\000.\0001\000.\0002\000\040\000H\000E\000L\000P}{subsection.6.1.1}% 95
\BOOKMARK [3][-]{subsubsection.6.1.1.3}{\376\377\0006\000.\0001\000.\0001\000.\0003\000\040\000P\000R\000O\000M\000P\000T}{subsection.6.1.1}% 96
\BOOKMARK [1][-]{section.6.2}{\376\377\0006\000.\0002\000\040\000H\000e\000a\000d\000e\000r\000s\000/\000C\000o\000l\000o\000r\000s\000.\000h\000\040\000F\000i\000l\000e\000\040\000R\000e\000f\000e\000r\000e\000n\000c\000e}{chapter.6}% 97
\BOOKMARK [2][-]{subsection.6.2.1}{\376\377\0006\000.\0002\000.\0001\000\040\000M\000a\000c\000r\000o\000\040\000D\000e\000f\000i\000n\000i\000t\000i\000o\000n\000\040\000D\000o\000c\000u\000m\000e\000n\000t\000a\000t\000i\000o\000n}{section.6.2}% 98
\BOOKMARK [3][-]{subsubsection.6.2.1.1}{\376\377\0006\000.\0002\000.\0001\000.\0001\000\040\000B\000L\000U\000E}{subsection.6.2.1}% 99
\BOOKMARK [3][-]{subsubsection.6.2.1.2}{\376\377\0006\000.\0002\000.\0001\000.\0002\000\040\000C\000Y\000A\000N}{subsection.6.2.1}% 100
\BOOKMARK [3][-]{subsubsection.6.2.1.3}{\376\377\0006\000.\0002\000.\0001\000.\0003\000\040\000G\000R\000E\000E\000N}{subsection.6.2.1}% 101
\BOOKMARK [3][-]{subsubsection.6.2.1.4}{\376\377\0006\000.\0002\000.\0001\000.\0004\000\040\000R\000E\000D}{subsection.6.2.1}% 102
\BOOKMARK [3][-]{subsubsection.6.2.1.5}{\376\377\0006\000.\0002\000.\0001\000.\0005\000\040\000W\000H\000I\000T\000E}{subsection.6.2.1}% 103
\BOOKMARK [3][-]{subsubsection.6.2.1.6}{\376\377\0006\000.\0002\000.\0001\000.\0006\000\040\000Y\000E\000L\000L\000O\000W}{subsection.6.2.1}% 104
\BOOKMARK [1][-]{section.6.3}{\376\377\0006\000.\0003\000\040\000H\000e\000a\000d\000e\000r\000s\000/\000c\000o\000l\000o\000r\000w\000i\000n\000.\000h\000p\000p\000\040\000F\000i\000l\000e\000\040\000R\000e\000f\000e\000r\000e\000n\000c\000e}{chapter.6}% 105
\BOOKMARK [1][-]{section.6.4}{\376\377\0006\000.\0004\000\040\000H\000e\000a\000d\000e\000r\000s\000/\000D\000a\000t\000a\000.\000h\000\040\000F\000i\000l\000e\000\040\000R\000e\000f\000e\000r\000e\000n\000c\000e}{chapter.6}% 106
\BOOKMARK [2][-]{subsection.6.4.1}{\376\377\0006\000.\0004\000.\0001\000\040\000M\000a\000c\000r\000o\000\040\000D\000e\000f\000i\000n\000i\000t\000i\000o\000n\000\040\000D\000o\000c\000u\000m\000e\000n\000t\000a\000t\000i\000o\000n}{section.6.4}% 107
\BOOKMARK [3][-]{subsubsection.6.4.1.1}{\376\377\0006\000.\0004\000.\0001\000.\0001\000\040\000N\000U\000L\000L}{subsection.6.4.1}% 108
\BOOKMARK [2][-]{subsection.6.4.2}{\376\377\0006\000.\0004\000.\0002\000\040\000E\000n\000u\000m\000e\000r\000a\000t\000i\000o\000n\000\040\000T\000y\000p\000e\000\040\000D\000o\000c\000u\000m\000e\000n\000t\000a\000t\000i\000o\000n}{section.6.4}% 109
\BOOKMARK [3][-]{subsubsection.6.4.2.1}{\376\377\0006\000.\0004\000.\0002\000.\0001\000\040\000C\000o\000m\000m\000a\000n\000d}{subsection.6.4.2}% 110
\BOOKMARK [3][-]{subsubsection.6.4.2.2}{\376\377\0006\000.\0004\000.\0002\000.\0002\000\040\000S\000E\000A\000R\000C\000H\000\137\000B\000Y}{subsection.6.4.2}% 111
\BOOKMARK [3][-]{subsubsection.6.4.2.3}{\376\377\0006\000.\0004\000.\0002\000.\0003\000\040\000T\000y\000p\000e}{subsection.6.4.2}% 112
\BOOKMARK [1][-]{section.6.5}{\376\377\0006\000.\0005\000\040\000H\000e\000a\000d\000e\000r\000s\000/\000E\000r\000r\000o\000r\000s\000.\000h\000\040\000F\000i\000l\000e\000\040\000R\000e\000f\000e\000r\000e\000n\000c\000e}{chapter.6}% 113
\BOOKMARK [2][-]{subsection.6.5.1}{\376\377\0006\000.\0005\000.\0001\000\040\000M\000a\000c\000r\000o\000\040\000D\000e\000f\000i\000n\000i\000t\000i\000o\000n\000\040\000D\000o\000c\000u\000m\000e\000n\000t\000a\000t\000i\000o\000n}{section.6.5}% 114
\BOOKMARK [3][-]{subsubsection.6.5.1.1}{\376\377\0006\000.\0005\000.\0001\000.\0001\000\040\000F\000O\000R\000\137\000D\000E\000B\000U\000G\000G\000I\000N\000G}{subsection.6.5.1}% 115
\BOOKMARK [3][-]{subsubsection.6.5.1.2}{\376\377\0006\000.\0005\000.\0001\000.\0002\000\040\000H\000A\000N\000D\000L\000E\000\137\000B\000A\000D\000\137\000T\000Y\000P\000E\000\137\000N\000A\000M\000E}{subsection.6.5.1}% 116
\BOOKMARK [3][-]{subsubsection.6.5.1.3}{\376\377\0006\000.\0005\000.\0001\000.\0003\000\040\000H\000A\000N\000D\000L\000E\000\137\000D\000U\000P\000L\000I\000C\000A\000T\000E\000\137\000E\000L\000E\000M\000E\000N\000T}{subsection.6.5.1}% 117
\BOOKMARK [3][-]{subsubsection.6.5.1.4}{\376\377\0006\000.\0005\000.\0001\000.\0004\000\040\000H\000A\000N\000D\000L\000E\000\137\000D\000U\000P\000L\000I\000C\000A\000T\000E\000\137\000W\000I\000T\000H\000\137\000D\000I\000F\000F\000\137\000V\000A\000L\000U\000E\000S}{subsection.6.5.1}% 118
\BOOKMARK [3][-]{subsubsection.6.5.1.5}{\376\377\0006\000.\0005\000.\0001\000.\0005\000\040\000H\000A\000N\000D\000L\000E\000\137\000E\000M\000P\000T\000Y\000\137\000N\000O\000D\000E}{subsection.6.5.1}% 119
\BOOKMARK [3][-]{subsubsection.6.5.1.6}{\376\377\0006\000.\0005\000.\0001\000.\0006\000\040\000H\000A\000N\000D\000L\000E\000\137\000I\000N\000V\000A\000L\000I\000D\000\137\000I\000N\000P\000U\000T}{subsection.6.5.1}% 120
\BOOKMARK [3][-]{subsubsection.6.5.1.7}{\376\377\0006\000.\0005\000.\0001\000.\0007\000\040\000H\000A\000N\000D\000L\000E\000\137\000N\000E\000G\000A\000T\000I\000V\000E\000\137\000R\000E\000S\000I\000S\000T\000A\000N\000C\000E}{subsection.6.5.1}% 121
\BOOKMARK [3][-]{subsubsection.6.5.1.8}{\376\377\0006\000.\0005\000.\0001\000.\0008\000\040\000H\000A\000N\000D\000L\000E\000\137\000N\000O\000D\000E\000\137\000W\000I\000T\000H\000\137\000O\000N\000E\000\137\000E\000L\000E\000M}{subsection.6.5.1}% 122
\BOOKMARK [3][-]{subsubsection.6.5.1.9}{\376\377\0006\000.\0005\000.\0001\000.\0009\000\040\000H\000A\000N\000D\000L\000E\000\137\000P\000A\000R\000A\000L\000L\000E\000L\000\137\000D\000I\000F\000F\000\137\000V\000O\000L\000T\000A\000G\000E\000S}{subsection.6.5.1}% 123
\BOOKMARK [3][-]{subsubsection.6.5.1.10}{\376\377\0006\000.\0005\000.\0001\000.\0001\0000\000\040\000H\000A\000N\000D\000L\000E\000\137\000S\000A\000M\000E\000\137\000P\000O\000L\000A\000R\000I\000T\000Y}{subsection.6.5.1}% 124
\BOOKMARK [3][-]{subsubsection.6.5.1.11}{\376\377\0006\000.\0005\000.\0001\000.\0001\0001\000\040\000H\000A\000N\000D\000L\000E\000\137\000S\000E\000R\000I\000E\000S\000\137\000D\000I\000F\000F\000\137\000C\000U\000R\000R\000E\000N\000T\000S}{subsection.6.5.1}% 125
\BOOKMARK [2][-]{subsection.6.5.2}{\376\377\0006\000.\0005\000.\0002\000\040\000E\000n\000u\000m\000e\000r\000a\000t\000i\000o\000n\000\040\000T\000y\000p\000e\000\040\000D\000o\000c\000u\000m\000e\000n\000t\000a\000t\000i\000o\000n}{section.6.5}% 126
\BOOKMARK [3][-]{subsubsection.6.5.2.1}{\376\377\0006\000.\0005\000.\0002\000.\0001\000\040\000e\000r\000r\000o\000r}{subsection.6.5.2}% 127
\BOOKMARK [2][-]{subsection.6.5.3}{\376\377\0006\000.\0005\000.\0003\000\040\000F\000u\000n\000c\000t\000i\000o\000n\000\040\000D\000o\000c\000u\000m\000e\000n\000t\000a\000t\000i\000o\000n}{section.6.5}% 128
\BOOKMARK [3][-]{subsubsection.6.5.3.1}{\376\377\0006\000.\0005\000.\0003\000.\0001\000\040\000H\000a\000n\000d\000l\000e\000E\000r\000r\000o\000r\000\050\000\051}{subsection.6.5.3}% 129
\BOOKMARK [1][-]{section.6.6}{\376\377\0006\000.\0006\000\040\000H\000e\000a\000d\000e\000r\000s\000/\000S\000o\000l\000v\000i\000n\000g\000.\000h\000\040\000F\000i\000l\000e\000\040\000R\000e\000f\000e\000r\000e\000n\000c\000e}{chapter.6}% 130
\BOOKMARK [2][-]{subsection.6.6.1}{\376\377\0006\000.\0006\000.\0001\000\040\000F\000u\000n\000c\000t\000i\000o\000n\000\040\000D\000o\000c\000u\000m\000e\000n\000t\000a\000t\000i\000o\000n}{section.6.6}% 131
\BOOKMARK [3][-]{subsubsection.6.6.1.1}{\376\377\0006\000.\0006\000.\0001\000.\0001\000\040\000C\000i\000r\000c\000u\000i\000t\000\137\000I\000s\000\137\000P\000o\000w\000e\000r\000\137\000B\000a\000l\000a\000n\000c\000e\000d\000\050\000\051}{subsection.6.6.1}% 132
\BOOKMARK [3][-]{subsubsection.6.6.1.2}{\376\377\0006\000.\0006\000.\0001\000.\0002\000\040\000c\000o\000u\000n\000t\000C\000i\000r\000c\000u\000i\000t\000\050\000\051}{subsection.6.6.1}% 133
\BOOKMARK [3][-]{subsubsection.6.6.1.3}{\376\377\0006\000.\0006\000.\0001\000.\0003\000\040\000d\000e\000t\000M\000a\000t\000\050\000\051}{subsection.6.6.1}% 134
\BOOKMARK [3][-]{subsubsection.6.6.1.4}{\376\377\0006\000.\0006\000.\0001\000.\0004\000\040\000D\000o\000u\000b\000l\000i\000n\000g\000M\000a\000t\000\050\000\051}{subsection.6.6.1}% 135
\BOOKMARK [3][-]{subsubsection.6.6.1.5}{\376\377\0006\000.\0006\000.\0001\000.\0005\000\040\000G\000e\000t\000\137\000C\000u\000r\000r\000e\000n\000t\000\050\000\051\000\040\000[\0001\000/\0002\000]}{subsection.6.6.1}% 136
\BOOKMARK [3][-]{subsubsection.6.6.1.6}{\376\377\0006\000.\0006\000.\0001\000.\0006\000\040\000G\000e\000t\000\137\000C\000u\000r\000r\000e\000n\000t\000\050\000\051\000\040\000[\0002\000/\0002\000]}{subsection.6.6.1}% 137
\BOOKMARK [3][-]{subsubsection.6.6.1.7}{\376\377\0006\000.\0006\000.\0001\000.\0007\000\040\000G\000e\000t\000\137\000P\000o\000w\000\137\000M\000a\000x\000\050\000\051}{subsection.6.6.1}% 138
\BOOKMARK [3][-]{subsubsection.6.6.1.8}{\376\377\0006\000.\0006\000.\0001\000.\0008\000\040\000G\000e\000t\000\137\000P\000o\000w\000e\000r\000\050\000\051\000\040\000[\0001\000/\0002\000]}{subsection.6.6.1}% 139
\BOOKMARK [3][-]{subsubsection.6.6.1.9}{\376\377\0006\000.\0006\000.\0001\000.\0009\000\040\000G\000e\000t\000\137\000P\000o\000w\000e\000r\000\050\000\051\000\040\000[\0002\000/\0002\000]}{subsection.6.6.1}% 140
\BOOKMARK [3][-]{subsubsection.6.6.1.10}{\376\377\0006\000.\0006\000.\0001\000.\0001\0000\000\040\000G\000e\000t\000\137\000R\000e\000s\000\137\000M\000a\000x\000\050\000\051}{subsection.6.6.1}% 141
\BOOKMARK [3][-]{subsubsection.6.6.1.11}{\376\377\0006\000.\0006\000.\0001\000.\0001\0001\000\040\000G\000e\000t\000\137\000T\000o\000t\000a\000l\000\137\000D\000i\000s\000s\000i\000p\000a\000t\000e\000d\000\137\000P\000o\000w\000e\000r\000\050\000\051}{subsection.6.6.1}% 142
\BOOKMARK [3][-]{subsubsection.6.6.1.12}{\376\377\0006\000.\0006\000.\0001\000.\0001\0002\000\040\000G\000e\000t\000\137\000T\000o\000t\000a\000l\000\137\000S\000u\000p\000p\000l\000i\000e\000d\000\137\000P\000o\000w\000e\000r\000\050\000\051}{subsection.6.6.1}% 143
\BOOKMARK [3][-]{subsubsection.6.6.1.13}{\376\377\0006\000.\0006\000.\0001\000.\0001\0003\000\040\000G\000e\000t\000\137\000V\000o\000l\000t\000D\000i\000f\000f\000\050\000\051\000\040\000[\0001\000/\0002\000]}{subsection.6.6.1}% 144
\BOOKMARK [3][-]{subsubsection.6.6.1.14}{\376\377\0006\000.\0006\000.\0001\000.\0001\0004\000\040\000G\000e\000t\000\137\000V\000o\000l\000t\000D\000i\000f\000f\000\050\000\051\000\040\000[\0002\000/\0002\000]}{subsection.6.6.1}% 145
\BOOKMARK [3][-]{subsubsection.6.6.1.15}{\376\377\0006\000.\0006\000.\0001\000.\0001\0005\000\040\000i\000n\000i\000t\000\050\000\051}{subsection.6.6.1}% 146
\BOOKMARK [3][-]{subsubsection.6.6.1.16}{\376\377\0006\000.\0006\000.\0001\000.\0001\0006\000\040\000i\000n\000s\000e\000r\000t\000\050\000\051}{subsection.6.6.1}% 147
\BOOKMARK [3][-]{subsubsection.6.6.1.17}{\376\377\0006\000.\0006\000.\0001\000.\0001\0007\000\040\000i\000n\000t\000E\000l\000e\000m\000e\000n\000t\000s\000\050\000\051}{subsection.6.6.1}% 148
\BOOKMARK [3][-]{subsubsection.6.6.1.18}{\376\377\0006\000.\0006\000.\0001\000.\0001\0008\000\040\000p\000r\000i\000n\000t\000\050\000\051\000\040\000[\0001\000/\0002\000]}{subsection.6.6.1}% 149
\BOOKMARK [3][-]{subsubsection.6.6.1.19}{\376\377\0006\000.\0006\000.\0001\000.\0001\0009\000\040\000p\000r\000i\000n\000t\000\050\000\051\000\040\000[\0002\000/\0002\000]}{subsection.6.6.1}% 150
\BOOKMARK [3][-]{subsubsection.6.6.1.20}{\376\377\0006\000.\0006\000.\0001\000.\0002\0000\000\040\000S\000e\000a\000r\000c\000h\000E\000l\000e\000m\000e\000n\000t\000\050\000\051}{subsection.6.6.1}% 151
\BOOKMARK [3][-]{subsubsection.6.6.1.21}{\376\377\0006\000.\0006\000.\0001\000.\0002\0001\000\040\000S\000e\000a\000r\000c\000h\000N\000o\000d\000e\000\050\000\051}{subsection.6.6.1}% 152
\BOOKMARK [3][-]{subsubsection.6.6.1.22}{\376\377\0006\000.\0006\000.\0001\000.\0002\0002\000\040\000S\000e\000a\000r\000c\000h\000N\000o\000d\000e\000B\000y\000E\000l\000e\000m\000e\000n\000t\000\050\000\051}{subsection.6.6.1}% 153
\BOOKMARK [3][-]{subsubsection.6.6.1.23}{\376\377\0006\000.\0006\000.\0001\000.\0002\0003\000\040\000S\000e\000a\000r\000c\000h\000N\000o\000d\000e\000N\000o\000n\000\050\000\051}{subsection.6.6.1}% 154
\BOOKMARK [3][-]{subsubsection.6.6.1.24}{\376\377\0006\000.\0006\000.\0001\000.\0002\0004\000\040\000s\000i\000z\000e\000O\000f\000T\000h\000e\000M\000a\000t\000\050\000\051}{subsection.6.6.1}% 155
\BOOKMARK [3][-]{subsubsection.6.6.1.25}{\376\377\0006\000.\0006\000.\0001\000.\0002\0005\000\040\000s\000o\000l\000v\000e\000\050\000\051}{subsection.6.6.1}% 156
\BOOKMARK [3][-]{subsubsection.6.6.1.26}{\376\377\0006\000.\0006\000.\0001\000.\0002\0006\000\040\000S\000o\000l\000v\000e\000N\000o\000n\000E\000s\000s\000\050\000\051}{subsection.6.6.1}% 157
\BOOKMARK [3][-]{subsubsection.6.6.1.27}{\376\377\0006\000.\0006\000.\0001\000.\0002\0007\000\040\000S\000o\000l\000v\000i\000n\000g\000M\000a\000t\000\050\000\051}{subsection.6.6.1}% 158
\BOOKMARK [3][-]{subsubsection.6.6.1.28}{\376\377\0006\000.\0006\000.\0001\000.\0002\0008\000\040\000s\000w\000a\000p\000M\000a\000t\000\050\000\051}{subsection.6.6.1}% 159
\BOOKMARK [3][-]{subsubsection.6.6.1.29}{\376\377\0006\000.\0006\000.\0001\000.\0002\0009\000\040\000V\000o\000l\000t\000a\000g\000e\000B\000a\000c\000k\000\050\000\051}{subsection.6.6.1}% 160
\BOOKMARK [3][-]{subsubsection.6.6.1.30}{\376\377\0006\000.\0006\000.\0001\000.\0003\0000\000\040\000v\000o\000l\000t\000a\000g\000e\000T\000r\000a\000n\000s\000f\000o\000r\000m\000a\000t\000i\000o\000n\000\050\000\051}{subsection.6.6.1}% 161
\BOOKMARK [1][-]{section.6.7}{\376\377\0006\000.\0007\000\040\000H\000e\000a\000d\000e\000r\000s\000/\000T\000e\000s\000t\000.\000h\000\040\000F\000i\000l\000e\000\040\000R\000e\000f\000e\000r\000e\000n\000c\000e}{chapter.6}% 162
\BOOKMARK [2][-]{subsection.6.7.1}{\376\377\0006\000.\0007\000.\0001\000\040\000M\000a\000c\000r\000o\000\040\000D\000e\000f\000i\000n\000i\000t\000i\000o\000n\000\040\000D\000o\000c\000u\000m\000e\000n\000t\000a\000t\000i\000o\000n}{section.6.7}% 163
\BOOKMARK [3][-]{subsubsection.6.7.1.1}{\376\377\0006\000.\0007\000.\0001\000.\0001\000\040\000\137\000\137\000R\000E\000L\000E\000A\000S\000E\000\137\000\137}{subsection.6.7.1}% 164
\BOOKMARK [3][-]{subsubsection.6.7.1.2}{\376\377\0006\000.\0007\000.\0001\000.\0002\000\040\000I\000N\000P\000U\000T\000\137\000F\000I\000L\000E}{subsection.6.7.1}% 165
\BOOKMARK [3][-]{subsubsection.6.7.1.3}{\376\377\0006\000.\0007\000.\0001\000.\0003\000\040\000O\000U\000T\000P\000U\000T\000\137\000F\000I\000L\000E}{subsection.6.7.1}% 166
\BOOKMARK [2][-]{subsection.6.7.2}{\376\377\0006\000.\0007\000.\0002\000\040\000F\000u\000n\000c\000t\000i\000o\000n\000\040\000D\000o\000c\000u\000m\000e\000n\000t\000a\000t\000i\000o\000n}{section.6.7}% 167
\BOOKMARK [3][-]{subsubsection.6.7.2.1}{\376\377\0006\000.\0007\000.\0002\000.\0001\000\040\000m\000a\000i\000n\000\050\000\051}{subsection.6.7.2}% 168
\BOOKMARK [3][-]{subsubsection.6.7.2.2}{\376\377\0006\000.\0007\000.\0002\000.\0002\000\040\000R\000e\000d\000i\000r\000e\000c\000t\000\137\000I\000O\000\050\000\051}{subsection.6.7.2}% 169
\BOOKMARK [3][-]{subsubsection.6.7.2.3}{\376\377\0006\000.\0007\000.\0002\000.\0003\000\040\000t\000e\000s\000t\000\137\000h\000a\000d\000i\000\137\000s\000o\000l\000v\000i\000n\000g\0002\000\050\000\051}{subsection.6.7.2}% 170
\BOOKMARK [1][-]{section.6.8}{\376\377\0006\000.\0008\000\040\000S\000o\000u\000r\000c\000e\000s\000/\000\137\000C\000i\000r\000c\000u\000i\000t\000.\000c\000p\000p\000\040\000F\000i\000l\000e\000\040\000R\000e\000f\000e\000r\000e\000n\000c\000e}{chapter.6}% 171
\BOOKMARK [1][-]{section.6.9}{\376\377\0006\000.\0009\000\040\000S\000o\000u\000r\000c\000e\000s\000/\000\137\000E\000l\000e\000m\000e\000n\000t\000.\000c\000p\000p\000\040\000F\000i\000l\000e\000\040\000R\000e\000f\000e\000r\000e\000n\000c\000e}{chapter.6}% 172
\BOOKMARK [1][-]{section.6.10}{\376\377\0006\000.\0001\0000\000\040\000S\000o\000u\000r\000c\000e\000s\000/\000\137\000I\000n\000p\000u\000t\000.\000c\000p\000p\000\040\000F\000i\000l\000e\000\040\000R\000e\000f\000e\000r\000e\000n\000c\000e}{chapter.6}% 173
\BOOKMARK [1][-]{section.6.11}{\376\377\0006\000.\0001\0001\000\040\000S\000o\000u\000r\000c\000e\000s\000/\000\137\000L\000i\000s\000t\000.\000c\000p\000p\000\040\000F\000i\000l\000e\000\040\000R\000e\000f\000e\000r\000e\000n\000c\000e}{chapter.6}% 174
\BOOKMARK [1][-]{section.6.12}{\376\377\0006\000.\0001\0002\000\040\000S\000o\000u\000r\000c\000e\000s\000/\000C\000i\000r\000c\000u\000i\000t\000.\000c\000p\000p\000\040\000F\000i\000l\000e\000\040\000R\000e\000f\000e\000r\000e\000n\000c\000e}{chapter.6}% 175
\BOOKMARK [1][-]{section.6.13}{\376\377\0006\000.\0001\0003\000\040\000S\000o\000u\000r\000c\000e\000s\000/\000E\000l\000e\000m\000e\000n\000t\000.\000c\000p\000p\000\040\000F\000i\000l\000e\000\040\000R\000e\000f\000e\000r\000e\000n\000c\000e}{chapter.6}% 176
\BOOKMARK [1][-]{section.6.14}{\376\377\0006\000.\0001\0004\000\040\000S\000o\000u\000r\000c\000e\000s\000/\000E\000r\000r\000o\000r\000s\000.\000c\000p\000p\000\040\000F\000i\000l\000e\000\040\000R\000e\000f\000e\000r\000e\000n\000c\000e}{chapter.6}% 177
\BOOKMARK [2][-]{subsection.6.14.1}{\376\377\0006\000.\0001\0004\000.\0001\000\040\000F\000u\000n\000c\000t\000i\000o\000n\000\040\000D\000o\000c\000u\000m\000e\000n\000t\000a\000t\000i\000o\000n}{section.6.14}% 178
\BOOKMARK [3][-]{subsubsection.6.14.1.1}{\376\377\0006\000.\0001\0004\000.\0001\000.\0001\000\040\000H\000a\000n\000d\000l\000e\000E\000r\000r\000o\000r\000\050\000\051}{subsection.6.14.1}% 179
\BOOKMARK [1][-]{section.6.15}{\376\377\0006\000.\0001\0005\000\040\000S\000o\000u\000r\000c\000e\000s\000/\000K\000\046\000Y\000\137\000S\000o\000l\000v\000i\000n\000g\000.\000c\000p\000p\000\040\000F\000i\000l\000e\000\040\000R\000e\000f\000e\000r\000e\000n\000c\000e}{chapter.6}% 180
\BOOKMARK [2][-]{subsection.6.15.1}{\376\377\0006\000.\0001\0005\000.\0001\000\040\000F\000u\000n\000c\000t\000i\000o\000n\000\040\000D\000o\000c\000u\000m\000e\000n\000t\000a\000t\000i\000o\000n}{section.6.15}% 181
\BOOKMARK [3][-]{subsubsection.6.15.1.1}{\376\377\0006\000.\0001\0005\000.\0001\000.\0001\000\040\000A\000m\000p\000e\000r\000e\000\050\000\051}{subsection.6.15.1}% 182
\BOOKMARK [3][-]{subsubsection.6.15.1.2}{\376\377\0006\000.\0001\0005\000.\0001\000.\0002\000\040\000C\000i\000r\000c\000u\000i\000t\000\137\000I\000s\000\137\000P\000o\000w\000e\000r\000\137\000B\000a\000l\000a\000n\000c\000e\000d\000\050\000\051}{subsection.6.15.1}% 183
\BOOKMARK [3][-]{subsubsection.6.15.1.3}{\376\377\0006\000.\0001\0005\000.\0001\000.\0003\000\040\000D\000i\000s\000a\000b\000l\000e\000\137\000S\000o\000u\000r\000c\000e\000s\000\050\000\051}{subsection.6.15.1}% 184
\BOOKMARK [3][-]{subsubsection.6.15.1.4}{\376\377\0006\000.\0001\0005\000.\0001\000.\0004\000\040\000D\000i\000s\000a\000b\000l\000e\000\137\000S\000o\000u\000r\000c\000e\000s\000\137\000s\000u\000p\000e\000r\000p\000o\000s\000t\000i\000o\000n\000\050\000\051}{subsection.6.15.1}% 185
\BOOKMARK [3][-]{subsubsection.6.15.1.5}{\376\377\0006\000.\0001\0005\000.\0001\000.\0005\000\040\000G\000e\000t\000\137\0002\000\137\000N\000o\000d\000e\000s\000\050\000\051}{subsection.6.15.1}% 186
\BOOKMARK [3][-]{subsubsection.6.15.1.6}{\376\377\0006\000.\0001\0005\000.\0001\000.\0006\000\040\000G\000e\000t\000\137\000C\000u\000r\000r\000e\000n\000t\000\050\000\051\000\040\000[\0001\000/\0002\000]}{subsection.6.15.1}% 187
\BOOKMARK [3][-]{subsubsection.6.15.1.7}{\376\377\0006\000.\0001\0005\000.\0001\000.\0007\000\040\000G\000e\000t\000\137\000C\000u\000r\000r\000e\000n\000t\000\050\000\051\000\040\000[\0002\000/\0002\000]}{subsection.6.15.1}% 188
\BOOKMARK [3][-]{subsubsection.6.15.1.8}{\376\377\0006\000.\0001\0005\000.\0001\000.\0008\000\040\000G\000e\000t\000\137\000P\000o\000w\000\137\000M\000a\000x\000\050\000\051}{subsection.6.15.1}% 189
\BOOKMARK [3][-]{subsubsection.6.15.1.9}{\376\377\0006\000.\0001\0005\000.\0001\000.\0009\000\040\000G\000e\000t\000\137\000P\000o\000w\000e\000r\000\050\000\051}{subsection.6.15.1}% 190
\BOOKMARK [3][-]{subsubsection.6.15.1.10}{\376\377\0006\000.\0001\0005\000.\0001\000.\0001\0000\000\040\000G\000e\000t\000\137\000R\000e\000s\000\137\000M\000a\000x\000\050\000\051}{subsection.6.15.1}% 191
\BOOKMARK [3][-]{subsubsection.6.15.1.11}{\376\377\0006\000.\0001\0005\000.\0001\000.\0001\0001\000\040\000G\000e\000t\000\137\000T\000o\000t\000a\000l\000\137\000D\000i\000s\000s\000i\000p\000a\000t\000e\000d\000\137\000P\000o\000w\000e\000r\000\050\000\051}{subsection.6.15.1}% 192
\BOOKMARK [3][-]{subsubsection.6.15.1.12}{\376\377\0006\000.\0001\0005\000.\0001\000.\0001\0002\000\040\000G\000e\000t\000\137\000T\000o\000t\000a\000l\000\137\000S\000u\000p\000p\000l\000i\000e\000d\000\137\000P\000o\000w\000e\000r\000\050\000\051}{subsection.6.15.1}% 193
\BOOKMARK [3][-]{subsubsection.6.15.1.13}{\376\377\0006\000.\0001\0005\000.\0001\000.\0001\0003\000\040\000G\000e\000t\000\137\000V\000o\000l\000t\000D\000i\000f\000f\000\050\000\051\000\040\000[\0001\000/\0002\000]}{subsection.6.15.1}% 194
\BOOKMARK [3][-]{subsubsection.6.15.1.14}{\376\377\0006\000.\0001\0005\000.\0001\000.\0001\0004\000\040\000G\000e\000t\000\137\000V\000o\000l\000t\000D\000i\000f\000f\000\050\000\051\000\040\000[\0002\000/\0002\000]}{subsection.6.15.1}% 195
\BOOKMARK [3][-]{subsubsection.6.15.1.15}{\376\377\0006\000.\0001\0005\000.\0001\000.\0001\0005\000\040\000P\000o\000w\000e\000r\000\050\000\051}{subsection.6.15.1}% 196
\BOOKMARK [3][-]{subsubsection.6.15.1.16}{\376\377\0006\000.\0001\0005\000.\0001\000.\0001\0006\000\040\000V\000o\000l\000t\000a\000g\000e\000\050\000\051}{subsection.6.15.1}% 197
\BOOKMARK [1][-]{section.6.16}{\376\377\0006\000.\0001\0006\000\040\000S\000o\000u\000r\000c\000e\000s\000/\000M\000a\000i\000n\000.\000c\000p\000p\000\040\000F\000i\000l\000e\000\040\000R\000e\000f\000e\000r\000e\000n\000c\000e}{chapter.6}% 198
\BOOKMARK [2][-]{subsection.6.16.1}{\376\377\0006\000.\0001\0006\000.\0001\000\040\000F\000u\000n\000c\000t\000i\000o\000n\000\040\000D\000o\000c\000u\000m\000e\000n\000t\000a\000t\000i\000o\000n}{section.6.16}% 199
\BOOKMARK [3][-]{subsubsection.6.16.1.1}{\376\377\0006\000.\0001\0006\000.\0001\000.\0001\000\040\000m\000a\000i\000n\000\050\000\051}{subsection.6.16.1}% 200
\BOOKMARK [1][-]{section.6.17}{\376\377\0006\000.\0001\0007\000\040\000S\000o\000u\000r\000c\000e\000s\000/\000N\000o\000d\000e\000.\000c\000p\000p\000\040\000F\000i\000l\000e\000\040\000R\000e\000f\000e\000r\000e\000n\000c\000e}{chapter.6}% 201
\BOOKMARK [1][-]{section.6.18}{\376\377\0006\000.\0001\0008\000\040\000S\000o\000u\000r\000c\000e\000s\000/\000N\000o\000d\000e\000S\000o\000l\000v\000i\000n\000g\000.\000c\000p\000p\000\040\000F\000i\000l\000e\000\040\000R\000e\000f\000e\000r\000e\000n\000c\000e}{chapter.6}% 202
\BOOKMARK [2][-]{subsection.6.18.1}{\376\377\0006\000.\0001\0008\000.\0001\000\040\000F\000u\000n\000c\000t\000i\000o\000n\000\040\000D\000o\000c\000u\000m\000e\000n\000t\000a\000t\000i\000o\000n}{section.6.18}% 203
\BOOKMARK [3][-]{subsubsection.6.18.1.1}{\376\377\0006\000.\0001\0008\000.\0001\000.\0001\000\040\000c\000o\000u\000n\000t\000C\000i\000r\000c\000u\000i\000t\000\050\000\051}{subsection.6.18.1}% 204
\BOOKMARK [3][-]{subsubsection.6.18.1.2}{\376\377\0006\000.\0001\0008\000.\0001\000.\0002\000\040\000d\000e\000t\000M\000a\000t\000\050\000\051}{subsection.6.18.1}% 205
\BOOKMARK [3][-]{subsubsection.6.18.1.3}{\376\377\0006\000.\0001\0008\000.\0001\000.\0003\000\040\000D\000o\000u\000b\000l\000i\000n\000g\000M\000a\000t\000\050\000\051}{subsection.6.18.1}% 206
\BOOKMARK [3][-]{subsubsection.6.18.1.4}{\376\377\0006\000.\0001\0008\000.\0001\000.\0004\000\040\000i\000n\000i\000t\000\050\000\051}{subsection.6.18.1}% 207
\BOOKMARK [3][-]{subsubsection.6.18.1.5}{\376\377\0006\000.\0001\0008\000.\0001\000.\0005\000\040\000i\000n\000s\000e\000r\000t\000\050\000\051}{subsection.6.18.1}% 208
\BOOKMARK [3][-]{subsubsection.6.18.1.6}{\376\377\0006\000.\0001\0008\000.\0001\000.\0006\000\040\000i\000n\000t\000E\000l\000e\000m\000e\000n\000t\000s\000\050\000\051}{subsection.6.18.1}% 209
\BOOKMARK [3][-]{subsubsection.6.18.1.7}{\376\377\0006\000.\0001\0008\000.\0001\000.\0007\000\040\000p\000r\000i\000n\000t\000\050\000\051\000\040\000[\0001\000/\0002\000]}{subsection.6.18.1}% 210
\BOOKMARK [3][-]{subsubsection.6.18.1.8}{\376\377\0006\000.\0001\0008\000.\0001\000.\0008\000\040\000p\000r\000i\000n\000t\000\050\000\051\000\040\000[\0002\000/\0002\000]}{subsection.6.18.1}% 211
\BOOKMARK [3][-]{subsubsection.6.18.1.9}{\376\377\0006\000.\0001\0008\000.\0001\000.\0009\000\040\000S\000e\000a\000r\000c\000h\000E\000l\000e\000m\000e\000n\000t\000\050\000\051}{subsection.6.18.1}% 212
\BOOKMARK [3][-]{subsubsection.6.18.1.10}{\376\377\0006\000.\0001\0008\000.\0001\000.\0001\0000\000\040\000S\000e\000a\000r\000c\000h\000N\000o\000d\000e\000\050\000\051}{subsection.6.18.1}% 213
\BOOKMARK [3][-]{subsubsection.6.18.1.11}{\376\377\0006\000.\0001\0008\000.\0001\000.\0001\0001\000\040\000S\000e\000a\000r\000c\000h\000N\000o\000d\000e\000B\000y\000E\000l\000e\000m\000e\000n\000t\000\050\000\051}{subsection.6.18.1}% 214
\BOOKMARK [3][-]{subsubsection.6.18.1.12}{\376\377\0006\000.\0001\0008\000.\0001\000.\0001\0002\000\040\000S\000e\000a\000r\000c\000h\000N\000o\000d\000e\000N\000o\000n\000\050\000\051}{subsection.6.18.1}% 215
\BOOKMARK [3][-]{subsubsection.6.18.1.13}{\376\377\0006\000.\0001\0008\000.\0001\000.\0001\0003\000\040\000s\000i\000z\000e\000o\000f\000N\000o\000n\000\050\000\051}{subsection.6.18.1}% 216
\BOOKMARK [3][-]{subsubsection.6.18.1.14}{\376\377\0006\000.\0001\0008\000.\0001\000.\0001\0004\000\040\000s\000i\000z\000e\000O\000f\000T\000h\000e\000M\000a\000t\000\050\000\051}{subsection.6.18.1}% 217
\BOOKMARK [3][-]{subsubsection.6.18.1.15}{\376\377\0006\000.\0001\0008\000.\0001\000.\0001\0005\000\040\000s\000o\000l\000v\000e\000\050\000\051}{subsection.6.18.1}% 218
\BOOKMARK [3][-]{subsubsection.6.18.1.16}{\376\377\0006\000.\0001\0008\000.\0001\000.\0001\0006\000\040\000S\000o\000l\000v\000e\000N\000o\000n\000E\000s\000s\000\050\000\051}{subsection.6.18.1}% 219
\BOOKMARK [3][-]{subsubsection.6.18.1.17}{\376\377\0006\000.\0001\0008\000.\0001\000.\0001\0007\000\040\000S\000o\000l\000v\000i\000n\000g\000M\000a\000t\000\050\000\051}{subsection.6.18.1}% 220
\BOOKMARK [3][-]{subsubsection.6.18.1.18}{\376\377\0006\000.\0001\0008\000.\0001\000.\0001\0008\000\040\000s\000w\000a\000p\000M\000a\000t\000\050\000\051}{subsection.6.18.1}% 221
\BOOKMARK [3][-]{subsubsection.6.18.1.19}{\376\377\0006\000.\0001\0008\000.\0001\000.\0001\0009\000\040\000V\000o\000l\000t\000a\000g\000e\000B\000a\000c\000k\000\050\000\051}{subsection.6.18.1}% 222
\BOOKMARK [3][-]{subsubsection.6.18.1.20}{\376\377\0006\000.\0001\0008\000.\0001\000.\0002\0000\000\040\000v\000o\000l\000t\000a\000g\000e\000T\000r\000a\000n\000s\000f\000o\000r\000m\000a\000t\000i\000o\000n\000\050\000\051}{subsection.6.18.1}% 223
\BOOKMARK [0][-]{section*.32}{\376\377\000I\000n\000d\000e\000x}{}% 224
